#
# There is insufficient memory for the Java Runtime Environment to continue.
# pthread_getattr_np
# Possible reasons:
#   The system is out of physical RAM or swap space
#   In 32 bit mode, the process size limit was hit
# Possible solutions:
#   Reduce memory load on the system
#   Increase physical memory or swap space
#   Check if swap backing store is full
#   Use 64 bit Java on a 64 bit OS
#   Decrease Java heap size (-Xmx/-Xms)
#   Decrease number of Java threads
#   Decrease Java thread stack sizes (-Xss)
#   Set larger code cache with -XX:ReservedCodeCacheSize=
# This output file may be truncated or incomplete.
#
#  Out of Memory Error (os_linux_x86.cpp:715), pid=4027, tid=140061687318272
#
# JRE version: 7.0_13-b20
# Java VM: Java HotSpot(TM) 64-Bit Server VM (23.7-b01 mixed mode linux-amd64 compressed oops)
# Core dump written. Default location: /lustre2/home/yuksato/Miya_MiSeq/tools/Sugar_v1.0.0/core or core.4027
#

---------------  T H R E A D  ---------------

Current thread (0x00007f6268008800):  JavaThread "AWT-Shutdown" [_thread_new, id=8698, stack(0x0000000000000000,0x0000000000000000)]

Stack: [0x0000000000000000,0x0000000000000000],  sp=0x00007f62a71e7980,  free space=136778991518k
Native frames: (J=compiled Java code, j=interpreted, Vv=VM code, C=native code)
V  [libjvm.so+0x8a540a]
V  [libjvm.so+0x40abfb]
V  [libjvm.so+0x748eba]
V  [libjvm.so+0x748f05]
V  [libjvm.so+0x8651f3]
V  [libjvm.so+0x746cf0]


---------------  P R O C E S S  ---------------

Java Threads: ( => current thread )
=>0x00007f6268008800 JavaThread "AWT-Shutdown" [_thread_new, id=8698, stack(0x0000000000000000,0x0000000000000000)]
  0x00007f6268217000 JavaThread "Java2D Disposer" daemon [_thread_blocked, id=8643, stack(0x00007f62a7468000,0x00007f62a7569000)]
  0x00007f62681ea000 JavaThread "Image Fetcher 0" daemon [_thread_blocked, id=8642, stack(0x00007f62a79d7000,0x00007f62a7ad8000)]
  0x00007f6264001000 JavaThread "Thread-2" [_thread_blocked, id=4051, stack(0x00007f62a7ad8000,0x00007f62a7bd9000)]
  0x00007f62d866d000 JavaThread "Thread-1" [_thread_blocked, id=4050, stack(0x00007f62ac04f000,0x00007f62ac150000)]
  0x00007f62d82e8000 JavaThread "Service Thread" daemon [_thread_blocked, id=4048, stack(0x00007f62ac734000,0x00007f62ac835000)]
  0x00007f62d82e5800 JavaThread "C2 CompilerThread1" daemon [_thread_blocked, id=4047, stack(0x00007f62ac835000,0x00007f62ac936000)]
  0x00007f62d82e2800 JavaThread "C2 CompilerThread0" daemon [_thread_blocked, id=4046, stack(0x00007f62ac936000,0x00007f62aca37000)]
  0x00007f62d82e0800 JavaThread "Signal Dispatcher" daemon [_thread_blocked, id=4045, stack(0x00007f62aca37000,0x00007f62acb38000)]
  0x00007f62d8295000 JavaThread "Finalizer" daemon [_thread_blocked, id=4044, stack(0x00007f62acb38000,0x00007f62acc39000)]
  0x00007f62d8293000 JavaThread "Reference Handler" daemon [_thread_blocked, id=4043, stack(0x00007f62acc39000,0x00007f62acd3a000)]
  0x00007f62d8008000 JavaThread "main" [_thread_blocked, id=4028, stack(0x00007f62ddb3e000,0x00007f62ddc3f000)]

Other Threads:
  0x00007f62d828b800 VMThread [stack: 0x00007f62acd3a000,0x00007f62ace3b000] [id=4042]
  0x00007f62d82fa800 WatcherThread [stack: 0x00007f62ac633000,0x00007f62ac734000] [id=4049]

VM state:not at safepoint (normal execution)

VM Mutex/Monitor currently owned by a thread: None

Heap
 PSYoungGen      total 49408K, used 40079K [0x00000007d5560000, 0x00000007f7550000, 0x0000000800000000)
  eden space 40448K, 76% used [0x00000007d5560000,0x00000007d73c80c8,0x00000007d7ce0000)
  from space 8960K, 99% used [0x00000007f6c90000,0x00000007f754bcc8,0x00000007f7550000)
  to   space 14016K, 0% used [0x00000007f59f0000,0x00000007f59f0000,0x00000007f67a0000)
 ParOldGen       total 682816K, used 62256K [0x0000000780000000, 0x00000007a9ad0000, 0x00000007d5560000)
  object space 682816K, 9% used [0x0000000780000000,0x0000000783ccc0b0,0x00000007a9ad0000)
 PSPermGen       total 21248K, used 13540K [0x000000077ae00000, 0x000000077c2c0000, 0x0000000780000000)
  object space 21248K, 63% used [0x000000077ae00000,0x000000077bb391f8,0x000000077c2c0000)

Card table byte_map: [0x00007f62dcbc3000,0x00007f62dcfed000] byte_map_base: 0x00007f62d8fec000

Polling page: 0x00007f62debab000

Code Cache  [0x00007f62d5000000, 0x00007f62d5270000, 0x00007f62d8000000)
 total_blobs=750 nmethods=315 adapters=387 free_code_cache=47992Kb largest_free_block=49113920

Compilation events (10 events):
Event: 130.410 Thread 0x00007f62d82e5800 nmethod 328 0x00007f62d5121dd0 code [0x00007f62d51220a0, 0x00007f62d5122d80]
Event: 130.412 Thread 0x00007f62d82e5800  334             java.lang.Character::toLowerCase (9 bytes)
Event: 130.412 Thread 0x00007f62d82e5800 nmethod 334 0x00007f62d511de10 code [0x00007f62d511df60, 0x00007f62d511e0b8]
Event: 130.419 Thread 0x00007f62d82e2800 nmethod 333 0x00007f62d5125410 code [0x00007f62d5125720, 0x00007f62d5126360]
Event: 130.420 Thread 0x00007f62d82e5800  335             java.lang.ref.Reference::<init> (25 bytes)
Event: 130.420 Thread 0x00007f62d82e5800 nmethod 335 0x00007f62d511d9d0 code [0x00007f62d511db00, 0x00007f62d511dbb8]
Event: 130.458 Thread 0x00007f62d82e2800  336             java.lang.StringBuilder::toString (17 bytes)
Event: 130.458 Thread 0x00007f62d82e5800  337             java.lang.StringBuilder::<init> (7 bytes)
Event: 130.459 Thread 0x00007f62d82e5800 nmethod 337 0x00007f62d50b6290 code [0x00007f62d50b63e0, 0x00007f62d50b64d8]
Event: 130.461 Thread 0x00007f62d82e2800 nmethod 336 0x00007f62d50b5c50 code [0x00007f62d50b5da0, 0x00007f62d50b6098]

GC Heap History (10 events):
Event: 127.168 GC heap before
{Heap before GC invocations=1676 (full 0):
 PSYoungGen      total 41920K, used 41920K [0x00000007d5560000, 0x00000007f7980000, 0x0000000800000000)
  eden space 41728K, 100% used [0x00000007d5560000,0x00000007d7e20000,0x00000007d7e20000)
  from space 192K, 100% used [0x00000007f7920000,0x00000007f7950000,0x00000007f7950000)
  to   space 192K, 0% used [0x00000007f7950000,0x00000007f7950000,0x00000007f7980000)
 ParOldGen       total 682816K, used 10081K [0x0000000780000000, 0x00000007a9ad0000, 0x00000007d5560000)
  object space 682816K, 1% used [0x0000000780000000,0x00000007809d85e0,0x00000007a9ad0000)
 PSPermGen       total 21248K, used 6333K [0x000000077ae00000, 0x000000077c2c0000, 0x0000000780000000)
  object space 21248K, 29% used [0x000000077ae00000,0x000000077b42f478,0x000000077c2c0000)
Event: 127.169 GC heap after
Heap after GC invocations=1676 (full 0):
 PSYoungGen      total 41664K, used 160K [0x00000007d5560000, 0x00000007f7980000, 0x0000000800000000)
  eden space 41472K, 0% used [0x00000007d5560000,0x00000007d5560000,0x00000007d7de0000)
  from space 192K, 83% used [0x00000007f7950000,0x00000007f7978000,0x00000007f7980000)
  to   space 256K, 0% used [0x00000007f7900000,0x00000007f7900000,0x00000007f7940000)
 ParOldGen       total 682816K, used 10145K [0x0000000780000000, 0x00000007a9ad0000, 0x00000007d5560000)
  object space 682816K, 1% used [0x0000000780000000,0x00000007809e8600,0x00000007a9ad0000)
 PSPermGen       total 21248K, used 6333K [0x000000077ae00000, 0x000000077c2c0000, 0x0000000780000000)
  object space 21248K, 29% used [0x000000077ae00000,0x000000077b42f478,0x000000077c2c0000)
}
Event: 127.234 GC heap before
{Heap before GC invocations=1677 (full 0):
 PSYoungGen      total 41664K, used 41632K [0x00000007d5560000, 0x00000007f7980000, 0x0000000800000000)
  eden space 41472K, 100% used [0x00000007d5560000,0x00000007d7de0000,0x00000007d7de0000)
  from space 192K, 83% used [0x00000007f7950000,0x00000007f7978000,0x00000007f7980000)
  to   space 256K, 0% used [0x00000007f7900000,0x00000007f7900000,0x00000007f7940000)
 ParOldGen       total 682816K, used 10145K [0x0000000780000000, 0x00000007a9ad0000, 0x00000007d5560000)
  object space 682816K, 1% used [0x0000000780000000,0x00000007809e8600,0x00000007a9ad0000)
 PSPermGen       total 21248K, used 6337K [0x000000077ae00000, 0x000000077c2c0000, 0x0000000780000000)
  object space 21248K, 29% used [0x000000077ae00000,0x000000077b4305a8,0x000000077c2c0000)
Event: 127.235 GC heap after
Heap after GC invocations=1677 (full 0):
 PSYoungGen      total 41280K, used 64K [0x00000007d5560000, 0x00000007f7960000, 0x0000000800000000)
  eden space 41216K, 0% used [0x00000007d5560000,0x00000007d5560000,0x00000007d7da0000)
  from space 64K, 100% used [0x00000007f7900000,0x00000007f7910000,0x00000007f7910000)
  to   space 256K, 0% used [0x00000007f7920000,0x00000007f7920000,0x00000007f7960000)
 ParOldGen       total 682816K, used 10153K [0x0000000780000000, 0x00000007a9ad0000, 0x00000007d5560000)
  object space 682816K, 1% used [0x0000000780000000,0x00000007809ea600,0x00000007a9ad0000)
 PSPermGen       total 21248K, used 6337K [0x000000077ae00000, 0x000000077c2c0000, 0x0000000780000000)
  object space 21248K, 29% used [0x000000077ae00000,0x000000077b4305a8,0x000000077c2c0000)
}
Event: 127.862 GC heap before
{Heap before GC invocations=1678 (full 0):
 PSYoungGen      total 41280K, used 41280K [0x00000007d5560000, 0x00000007f7960000, 0x0000000800000000)
  eden space 41216K, 100% used [0x00000007d5560000,0x00000007d7da0000,0x00000007d7da0000)
  from space 64K, 100% used [0x00000007f7900000,0x00000007f7910000,0x00000007f7910000)
  to   space 256K, 0% used [0x00000007f7920000,0x00000007f7920000,0x00000007f7960000)
 ParOldGen       total 682816K, used 10153K [0x0000000780000000, 0x00000007a9ad0000, 0x00000007d5560000)
  object space 682816K, 1% used [0x0000000780000000,0x00000007809ea600,0x00000007a9ad0000)
 PSPermGen       total 21248K, used 10564K [0x000000077ae00000, 0x000000077c2c0000, 0x0000000780000000)
  object space 21248K, 49% used [0x000000077ae00000,0x000000077b851358,0x000000077c2c0000)
Event: 127.870 GC heap after
Heap after GC invocations=1678 (full 0):
 PSYoungGen      total 41216K, used 256K [0x00000007d5560000, 0x00000007f7960000, 0x0000000800000000)
  eden space 40960K, 0% used [0x00000007d5560000,0x00000007d5560000,0x00000007d7d60000)
  from space 256K, 100% used [0x00000007f7920000,0x00000007f7960000,0x00000007f7960000)
  to   space 13376K, 0% used [0x00000007f5f40000,0x00000007f5f40000,0x00000007f6c50000)
 ParOldGen       total 682816K, used 45457K [0x0000000780000000, 0x00000007a9ad0000, 0x00000007d5560000)
  object space 682816K, 6% used [0x0000000780000000,0x0000000782c64740,0x00000007a9ad0000)
 PSPermGen       total 21248K, used 10564K [0x000000077ae00000, 0x000000077c2c0000, 0x0000000780000000)
  object space 21248K, 49% used [0x000000077ae00000,0x000000077b851358,0x000000077c2c0000)
}
Event: 128.900 GC heap before
{Heap before GC invocations=1679 (full 0):
 PSYoungGen      total 41216K, used 41216K [0x00000007d5560000, 0x00000007f7960000, 0x0000000800000000)
  eden space 40960K, 100% used [0x00000007d5560000,0x00000007d7d60000,0x00000007d7d60000)
  from space 256K, 100% used [0x00000007f7920000,0x00000007f7960000,0x00000007f7960000)
  to   space 13376K, 0% used [0x00000007f5f40000,0x00000007f5f40000,0x00000007f6c50000)
 ParOldGen       total 682816K, used 45457K [0x0000000780000000, 0x00000007a9ad0000, 0x00000007d5560000)
  object space 682816K, 6% used [0x0000000780000000,0x0000000782c64740,0x00000007a9ad0000)
 PSPermGen       total 21248K, used 11027K [0x000000077ae00000, 0x000000077c2c0000, 0x0000000780000000)
  object space 21248K, 51% used [0x000000077ae00000,0x000000077b8c4ce8,0x000000077c2c0000)
Event: 128.902 GC heap after
Heap after GC invocations=1679 (full 0):
 PSYoungGen      total 54080K, used 576K [0x00000007d5560000, 0x00000007f7930000, 0x0000000800000000)
  eden space 40704K, 0% used [0x00000007d5560000,0x00000007d5560000,0x00000007d7d20000)
  from space 13376K, 4% used [0x00000007f5f40000,0x00000007f5fd0000,0x00000007f6c50000)
  to   space 12928K, 0% used [0x00000007f6c90000,0x00000007f6c90000,0x00000007f7930000)
 ParOldGen       total 682816K, used 45753K [0x0000000780000000, 0x00000007a9ad0000, 0x00000007d5560000)
  object space 682816K, 6% used [0x0000000780000000,0x0000000782cae740,0x00000007a9ad0000)
 PSPermGen       total 21248K, used 11027K [0x000000077ae00000, 0x000000077c2c0000, 0x0000000780000000)
  object space 21248K, 51% used [0x000000077ae00000,0x000000077b8c4ce8,0x000000077c2c0000)
}
Event: 129.158 GC heap before
{Heap before GC invocations=1680 (full 0):
 PSYoungGen      total 54080K, used 41280K [0x00000007d5560000, 0x00000007f7930000, 0x0000000800000000)
  eden space 40704K, 100% used [0x00000007d5560000,0x00000007d7d20000,0x00000007d7d20000)
  from space 13376K, 4% used [0x00000007f5f40000,0x00000007f5fd0000,0x00000007f6c50000)
  to   space 12928K, 0% used [0x00000007f6c90000,0x00000007f6c90000,0x00000007f7930000)
 ParOldGen       total 682816K, used 45753K [0x0000000780000000, 0x00000007a9ad0000, 0x00000007d5560000)
  object space 682816K, 6% used [0x0000000780000000,0x0000000782cae740,0x00000007a9ad0000)
 PSPermGen       total 21248K, used 11094K [0x000000077ae00000, 0x000000077c2c0000, 0x0000000780000000)
  object space 21248K, 52% used [0x000000077ae00000,0x000000077b8d5850,0x000000077c2c0000)
Event: 129.163 GC heap after
Heap after GC invocations=1680 (full 0):
 PSYoungGen      total 49408K, used 8943K [0x00000007d5560000, 0x00000007f7550000, 0x0000000800000000)
  eden space 40448K, 0% used [0x00000007d5560000,0x00000007d5560000,0x00000007d7ce0000)
  from space 8960K, 99% used [0x00000007f6c90000,0x00000007f754bcc8,0x00000007f7550000)
  to   space 14016K, 0% used [0x00000007f59f0000,0x00000007f59f0000,0x00000007f67a0000)
 ParOldGen       total 682816K, used 62256K [0x0000000780000000, 0x00000007a9ad0000, 0x00000007d5560000)
  object space 682816K, 9% used [0x0000000780000000,0x0000000783ccc0b0,0x00000007a9ad0000)
 PSPermGen       total 21248K, used 11094K [0x000000077ae00000, 0x000000077c2c0000, 0x0000000780000000)
  object space 21248K, 52% used [0x000000077ae00000,0x000000077b8d5850,0x000000077c2c0000)
}

Deoptimization events (10 events):
Event: 127.650 Thread 0x00007f6264001000 Uncommon trap -83 fr.pc 0x00007f62d5079a88
Event: 127.650 Thread 0x00007f6264001000 Uncommon trap -83 fr.pc 0x00007f62d50c8814
Event: 127.660 Thread 0x00007f6264001000 Uncommon trap -34 fr.pc 0x00007f62d509d148
Event: 127.673 Thread 0x00007f6264001000 Uncommon trap -122 fr.pc 0x00007f62d5091334
Event: 130.225 Thread 0x00007f6264001000 Uncommon trap -34 fr.pc 0x00007f62d50683e0
Event: 130.225 Thread 0x00007f6264001000 Uncommon trap -34 fr.pc 0x00007f62d50683e0
Event: 130.230 Thread 0x00007f6264001000 Uncommon trap -83 fr.pc 0x00007f62d5083a48
Event: 130.277 Thread 0x00007f6264001000 Uncommon trap -83 fr.pc 0x00007f62d51168c0
Event: 130.440 Thread 0x00007f6264001000 Uncommon trap -34 fr.pc 0x00007f62d50683e0
Event: 130.440 Thread 0x00007f6264001000 Uncommon trap -34 fr.pc 0x00007f62d50683e0

Internal exceptions (10 events):
Event: 130.225 Thread 0x00007f6264001000 Threw 0x00000007d6ef2038 at /HUDSON/workspace/jdk7u13-2-build-linux-amd64-product/jdk7u13/hotspot/src/share/vm/prims/jvm.cpp:1166
Event: 130.226 Thread 0x00007f6264001000 Threw 0x00000007d6f06258 at /HUDSON/workspace/jdk7u13-2-build-linux-amd64-product/jdk7u13/hotspot/src/share/vm/prims/jvm.cpp:1166
Event: 130.226 Thread 0x00007f6264001000 Threw 0x00000007d6f16d98 at /HUDSON/workspace/jdk7u13-2-build-linux-amd64-product/jdk7u13/hotspot/src/share/vm/prims/jvm.cpp:1166
Event: 130.417 Thread 0x00007f6264001000 Threw 0x00000007d71452b8 at /HUDSON/workspace/jdk7u13-2-build-linux-amd64-product/jdk7u13/hotspot/src/share/vm/prims/jvm.cpp:1166
Event: 130.417 Thread 0x00007f6264001000 Threw 0x00000007d7156cd8 at /HUDSON/workspace/jdk7u13-2-build-linux-amd64-product/jdk7u13/hotspot/src/share/vm/prims/jvm.cpp:1166
Event: 130.421 Thread 0x00007f6264001000 Threw 0x00000007d71d7220 at /HUDSON/workspace/jdk7u13-2-build-linux-amd64-product/jdk7u13/hotspot/src/share/vm/prims/jvm.cpp:1166
Event: 130.422 Thread 0x00007f6264001000 Threw 0x00000007d71e7b98 at /HUDSON/workspace/jdk7u13-2-build-linux-amd64-product/jdk7u13/hotspot/src/share/vm/prims/jvm.cpp:1166
Event: 130.439 Thread 0x00007f6264001000 Threw 0x00000007d72c4288 at /HUDSON/workspace/jdk7u13-2-build-linux-amd64-product/jdk7u13/hotspot/src/share/vm/prims/jvm.cpp:1166
Event: 130.440 Thread 0x00007f6264001000 Threw 0x00000007d72d7508 at /HUDSON/workspace/jdk7u13-2-build-linux-amd64-product/jdk7u13/hotspot/src/share/vm/prims/jvm.cpp:1166
Event: 130.441 Thread 0x00007f6264001000 Threw 0x00000007d72e7378 at /HUDSON/workspace/jdk7u13-2-build-linux-amd64-product/jdk7u13/hotspot/src/share/vm/prims/jvm.cpp:1166

Events (10 events):
Event: 130.471 loading class 0x00007f62681add10
Event: 130.471 loading class 0x00007f62681add10 done
Event: 130.471 loading class 0x00007f626814f000 done
Event: 130.471 loading class 0x00007f62681a98f0
Event: 130.471 loading class 0x00007f62681a98f0 done
Event: 130.471 loading class 0x00007f62681ade30
Event: 130.471 loading class 0x00007f62681ade30 done
Event: 130.471 loading class 0x00007f62681add40
Event: 130.472 loading class 0x00007f62681add40 done
Event: 130.472 Thread 0x00007f6268008800 Thread added: 0x00007f6268008800


Dynamic libraries:
00400000-00401000 r-xp 00000000 08:03 70780069                           /usr/local/pkg/java/jdk1.7.0_13/bin/java
00600000-00601000 rw-p 00000000 08:03 70780069                           /usr/local/pkg/java/jdk1.7.0_13/bin/java
01d6e000-01d8f000 rw-p 00000000 00:00 0                                  [heap]
77ae00000-77c2c0000 rw-p 00000000 00:00 0 
77c2c0000-780000000 rw-p 00000000 00:00 0 
780000000-7a9ad0000 rw-p 00000000 00:00 0 
7a9ad0000-7d5560000 rw-p 00000000 00:00 0 
7d5560000-7f7550000 rw-p 00000000 00:00 0 
7f7550000-800000000 ---p 00000000 00:00 0 
30d5400000-30d5420000 r-xp 00000000 08:03 42336715                       /lib64/ld-2.12.so
30d561f000-30d5620000 r--p 0001f000 08:03 42336715                       /lib64/ld-2.12.so
30d5620000-30d5621000 rw-p 00020000 08:03 42336715                       /lib64/ld-2.12.so
30d5621000-30d5622000 rw-p 00000000 00:00 0 
30d5c00000-30d5d87000 r-xp 00000000 08:03 42336716                       /lib64/libc-2.12.so
30d5d87000-30d5f87000 ---p 00187000 08:03 42336716                       /lib64/libc-2.12.so
30d5f87000-30d5f8b000 r--p 00187000 08:03 42336716                       /lib64/libc-2.12.so
30d5f8b000-30d5f8c000 rw-p 0018b000 08:03 42336716                       /lib64/libc-2.12.so
30d5f8c000-30d5f91000 rw-p 00000000 00:00 0 
30d6400000-30d6483000 r-xp 00000000 08:03 42336717                       /lib64/libm-2.12.so
30d6483000-30d6682000 ---p 00083000 08:03 42336717                       /lib64/libm-2.12.so
30d6682000-30d6683000 r--p 00082000 08:03 42336717                       /lib64/libm-2.12.so
30d6683000-30d6684000 rw-p 00083000 08:03 42336717                       /lib64/libm-2.12.so
30d6800000-30d6817000 r-xp 00000000 08:03 42336727                       /lib64/libpthread-2.12.so
30d6817000-30d6a17000 ---p 00017000 08:03 42336727                       /lib64/libpthread-2.12.so
30d6a17000-30d6a18000 r--p 00017000 08:03 42336727                       /lib64/libpthread-2.12.so
30d6a18000-30d6a19000 rw-p 00018000 08:03 42336727                       /lib64/libpthread-2.12.so
30d6a19000-30d6a1d000 rw-p 00000000 00:00 0 
30d7000000-30d7007000 r-xp 00000000 08:03 42336728                       /lib64/librt-2.12.so
30d7007000-30d7206000 ---p 00007000 08:03 42336728                       /lib64/librt-2.12.so
30d7206000-30d7207000 r--p 00006000 08:03 42336728                       /lib64/librt-2.12.so
30d7207000-30d7208000 rw-p 00007000 08:03 42336728                       /lib64/librt-2.12.so
323d000000-323d002000 r-xp 00000000 08:03 42336260                       /lib64/libdl-2.12.so
323d002000-323d202000 ---p 00002000 08:03 42336260                       /lib64/libdl-2.12.so
323d202000-323d203000 r--p 00002000 08:03 42336260                       /lib64/libdl-2.12.so
323d203000-323d204000 rw-p 00003000 08:03 42336260                       /lib64/libdl-2.12.so
7f625c000000-7f625c021000 rw-p 00000000 00:00 0 
7f625c021000-7f6260000000 ---p 00000000 00:00 0 
7f6260000000-7f6260021000 rw-p 00000000 00:00 0 
7f6260021000-7f6264000000 ---p 00000000 00:00 0 
7f6264000000-7f6264021000 rw-p 00000000 00:00 0 
7f6264021000-7f6268000000 ---p 00000000 00:00 0 
7f6268000000-7f6268900000 rw-p 00000000 00:00 0 
7f6268900000-7f626c000000 ---p 00000000 00:00 0 
7f626c000000-7f626c021000 rw-p 00000000 00:00 0 
7f626c021000-7f6270000000 ---p 00000000 00:00 0 
7f6270000000-7f6270021000 rw-p 00000000 00:00 0 
7f6270021000-7f6274000000 ---p 00000000 00:00 0 
7f6274000000-7f62749ef000 rw-p 00000000 00:00 0 
7f62749ef000-7f6278000000 ---p 00000000 00:00 0 
7f6278000000-7f62787d6000 rw-p 00000000 00:00 0 
7f62787d6000-7f627c000000 ---p 00000000 00:00 0 
7f627c000000-7f627c021000 rw-p 00000000 00:00 0 
7f627c021000-7f6280000000 ---p 00000000 00:00 0 
7f6280000000-7f6280021000 rw-p 00000000 00:00 0 
7f6280021000-7f6284000000 ---p 00000000 00:00 0 
7f6284000000-7f6284021000 rw-p 00000000 00:00 0 
7f6284021000-7f6288000000 ---p 00000000 00:00 0 
7f628bd70000-7f6290000000 rw-p 00000000 00:00 0 
7f6290000000-7f6290021000 rw-p 00000000 00:00 0 
7f6290021000-7f6294000000 ---p 00000000 00:00 0 
7f6294000000-7f6294021000 rw-p 00000000 00:00 0 
7f6294021000-7f6298000000 ---p 00000000 00:00 0 
7f6298000000-7f6298021000 rw-p 00000000 00:00 0 
7f6298021000-7f629c000000 ---p 00000000 00:00 0 
7f62a0000000-7f62a0021000 rw-p 00000000 00:00 0 
7f62a0021000-7f62a4000000 ---p 00000000 00:00 0 
7f62a70e8000-7f62a71e9000 rw-p 00000000 00:00 0 
7f62a71e9000-7f62a7251000 r-xp 00000000 08:03 70780271                   /usr/local/pkg/java/jdk1.7.0_13/jre/lib/amd64/libt2k.so
7f62a7251000-7f62a7451000 ---p 00068000 08:03 70780271                   /usr/local/pkg/java/jdk1.7.0_13/jre/lib/amd64/libt2k.so
7f62a7451000-7f62a7458000 rw-p 00068000 08:03 70780271                   /usr/local/pkg/java/jdk1.7.0_13/jre/lib/amd64/libt2k.so
7f62a7458000-7f62a7468000 rw-p 00000000 00:00 0 
7f62a7468000-7f62a746b000 ---p 00000000 00:00 0 
7f62a746b000-7f62a7569000 rw-p 00000000 00:00 0 
7f62a7569000-7f62a757e000 r-xp 00000000 08:03 57423039                   /usr/local/lib64/libgcc_s.so.1
7f62a757e000-7f62a777e000 ---p 00015000 08:03 57423039                   /usr/local/lib64/libgcc_s.so.1
7f62a777e000-7f62a777f000 rw-p 00015000 08:03 57423039                   /usr/local/lib64/libgcc_s.so.1
7f62a777f000-7f62a77c3000 r-xp 00000000 08:03 70780233                   /usr/local/pkg/java/jdk1.7.0_13/jre/lib/amd64/libfontmanager.so
7f62a77c3000-7f62a79c3000 ---p 00044000 08:03 70780233                   /usr/local/pkg/java/jdk1.7.0_13/jre/lib/amd64/libfontmanager.so
7f62a79c3000-7f62a79c7000 rw-p 00044000 08:03 70780233                   /usr/local/pkg/java/jdk1.7.0_13/jre/lib/amd64/libfontmanager.so
7f62a79c7000-7f62a79d7000 rw-p 00000000 00:00 0 
7f62a79d7000-7f62a79da000 ---p 00000000 00:00 0 
7f62a79da000-7f62a7ad8000 rw-p 00000000 00:00 0 
7f62a7ad8000-7f62a7adb000 ---p 00000000 00:00 0 
7f62a7adb000-7f62a7bd9000 rw-p 00000000 00:00 0 
7f62a7bd9000-7f62a7bee000 r-xp 00000000 08:03 70780261                   /usr/local/pkg/java/jdk1.7.0_13/jre/lib/amd64/libnet.so
7f62a7bee000-7f62a7dee000 ---p 00015000 08:03 70780261                   /usr/local/pkg/java/jdk1.7.0_13/jre/lib/amd64/libnet.so
7f62a7dee000-7f62a7def000 rw-p 00015000 08:03 70780261                   /usr/local/pkg/java/jdk1.7.0_13/jre/lib/amd64/libnet.so
7f62a7def000-7f62a7dff000 r-xp 00000000 08:03 70780262                   /usr/local/pkg/java/jdk1.7.0_13/jre/lib/amd64/libnio.so
7f62a7dff000-7f62a7fff000 ---p 00010000 08:03 70780262                   /usr/local/pkg/java/jdk1.7.0_13/jre/lib/amd64/libnio.so
7f62a7fff000-7f62a8000000 rw-p 00010000 08:03 70780262                   /usr/local/pkg/java/jdk1.7.0_13/jre/lib/amd64/libnio.so
7f62a8000000-7f62a8021000 rw-p 00000000 00:00 0 
7f62a8021000-7f62ac000000 ---p 00000000 00:00 0 
7f62ac04f000-7f62ac052000 ---p 00000000 00:00 0 
7f62ac052000-7f62ac150000 rw-p 00000000 00:00 0 
7f62ac150000-7f62ac156000 r-xp 00000000 08:03 70780275                   /usr/local/pkg/java/jdk1.7.0_13/jre/lib/amd64/headless/libmawt.so
7f62ac156000-7f62ac356000 ---p 00006000 08:03 70780275                   /usr/local/pkg/java/jdk1.7.0_13/jre/lib/amd64/headless/libmawt.so
7f62ac356000-7f62ac357000 rw-p 00006000 08:03 70780275                   /usr/local/pkg/java/jdk1.7.0_13/jre/lib/amd64/headless/libmawt.so
7f62ac357000-7f62ac3f9000 r-xp 00000000 08:03 70780229                   /usr/local/pkg/java/jdk1.7.0_13/jre/lib/amd64/libawt.so
7f62ac3f9000-7f62ac5f9000 ---p 000a2000 08:03 70780229                   /usr/local/pkg/java/jdk1.7.0_13/jre/lib/amd64/libawt.so
7f62ac5f9000-7f62ac605000 rw-p 000a2000 08:03 70780229                   /usr/local/pkg/java/jdk1.7.0_13/jre/lib/amd64/libawt.so
7f62ac605000-7f62ac629000 rw-p 00000000 00:00 0 
7f62ac629000-7f62ac633000 r--s 00533000 c96:9a5e 538753394               /lustre2/home/yuksato/Miya_MiSeq/tools/Sugar_v1.0.0/Sugar.jar
7f62ac633000-7f62ac634000 ---p 00000000 00:00 0 
7f62ac634000-7f62ac734000 rw-p 00000000 00:00 0 
7f62ac734000-7f62ac737000 ---p 00000000 00:00 0 
7f62ac737000-7f62ac835000 rw-p 00000000 00:00 0 
7f62ac835000-7f62ac838000 ---p 00000000 00:00 0 
7f62ac838000-7f62ac936000 rw-p 00000000 00:00 0 
7f62ac936000-7f62ac939000 ---p 00000000 00:00 0 
7f62ac939000-7f62aca37000 rw-p 00000000 00:00 0 
7f62aca37000-7f62aca3a000 ---p 00000000 00:00 0 
7f62aca3a000-7f62acb38000 rw-p 00000000 00:00 0 
7f62acb38000-7f62acb3b000 ---p 00000000 00:00 0 
7f62acb3b000-7f62acc39000 rw-p 00000000 00:00 0 
7f62acc39000-7f62acc3c000 ---p 00000000 00:00 0 
7f62acc3c000-7f62acd3a000 rw-p 00000000 00:00 0 
7f62acd3a000-7f62acd3b000 ---p 00000000 00:00 0 
7f62acd3b000-7f62b0000000 rw-p 00000000 00:00 0 
7f62b0000000-7f62b0021000 rw-p 00000000 00:00 0 
7f62b0021000-7f62b4000000 ---p 00000000 00:00 0 
7f62b4000000-7f62b4021000 rw-p 00000000 00:00 0 
7f62b4021000-7f62b8000000 ---p 00000000 00:00 0 
7f62b8000000-7f62b8021000 rw-p 00000000 00:00 0 
7f62b8021000-7f62bc000000 ---p 00000000 00:00 0 
7f62bc000000-7f62bc021000 rw-p 00000000 00:00 0 
7f62bc021000-7f62c0000000 ---p 00000000 00:00 0 
7f62c0000000-7f62c0021000 rw-p 00000000 00:00 0 
7f62c0021000-7f62c4000000 ---p 00000000 00:00 0 
7f62c4000000-7f62c4021000 rw-p 00000000 00:00 0 
7f62c4021000-7f62c8000000 ---p 00000000 00:00 0 
7f62c8000000-7f62c8021000 rw-p 00000000 00:00 0 
7f62c8021000-7f62cc000000 ---p 00000000 00:00 0 
7f62cc000000-7f62cc021000 rw-p 00000000 00:00 0 
7f62cc021000-7f62d0000000 ---p 00000000 00:00 0 
7f62d0000000-7f62d0021000 rw-p 00000000 00:00 0 
7f62d0021000-7f62d4000000 ---p 00000000 00:00 0 
7f62d4000000-7f62d4005000 r--s 00089000 08:03 70780204                   /usr/local/pkg/java/jdk1.7.0_13/jre/lib/jsse.jar
7f62d4005000-7f62d4a3f000 rw-p 00000000 00:00 0 
7f62d4a3f000-7f62d4bfc000 r--s 039d8000 08:03 70780214                   /usr/local/pkg/java/jdk1.7.0_13/jre/lib/rt.jar
7f62d4bfc000-7f62d4bfd000 ---p 00000000 00:00 0 
7f62d4bfd000-7f62d4cfd000 rw-p 00000000 00:00 0 
7f62d4cfd000-7f62d4cfe000 ---p 00000000 00:00 0 
7f62d4cfe000-7f62d4dfe000 rw-p 00000000 00:00 0 
7f62d4dfe000-7f62d4dff000 ---p 00000000 00:00 0 
7f62d4dff000-7f62d4eff000 rw-p 00000000 00:00 0 
7f62d4eff000-7f62d4f00000 ---p 00000000 00:00 0 
7f62d4f00000-7f62d5000000 rw-p 00000000 00:00 0 
7f62d5000000-7f62d5270000 rwxp 00000000 00:00 0 
7f62d5270000-7f62d8679000 rw-p 00000000 00:00 0 
7f62d8679000-7f62dc000000 ---p 00000000 00:00 0 
7f62dc002000-7f62dc00c000 r--s 00254000 08:03 70780213                   /usr/local/pkg/java/jdk1.7.0_13/jre/lib/resources.jar
7f62dc00c000-7f62dc00f000 r--s 000f7000 08:03 70780369                   /usr/local/pkg/java/jdk1.7.0_13/jre/lib/ext/localedata.jar
7f62dc00f000-7f62dc010000 ---p 00000000 00:00 0 
7f62dc010000-7f62dc110000 rw-p 00000000 00:00 0 
7f62dc110000-7f62dc111000 ---p 00000000 00:00 0 
7f62dc111000-7f62dc211000 rw-p 00000000 00:00 0 
7f62dc211000-7f62dc212000 ---p 00000000 00:00 0 
7f62dc212000-7f62dc312000 rw-p 00000000 00:00 0 
7f62dc312000-7f62dc313000 ---p 00000000 00:00 0 
7f62dc313000-7f62dc413000 rw-p 00000000 00:00 0 
7f62dc413000-7f62dc414000 ---p 00000000 00:00 0 
7f62dc414000-7f62dc514000 rw-p 00000000 00:00 0 
7f62dc514000-7f62dc515000 ---p 00000000 00:00 0 
7f62dc515000-7f62dc615000 rw-p 00000000 00:00 0 
7f62dc615000-7f62dc616000 ---p 00000000 00:00 0 
7f62dc616000-7f62dc716000 rw-p 00000000 00:00 0 
7f62dc716000-7f62dc717000 ---p 00000000 00:00 0 
7f62dc717000-7f62dc817000 rw-p 00000000 00:00 0 
7f62dc817000-7f62dc818000 ---p 00000000 00:00 0 
7f62dc818000-7f62dca66000 rw-p 00000000 00:00 0 
7f62dca66000-7f62dcbc3000 rw-p 00000000 00:00 0 
7f62dcbc3000-7f62dcbce000 rw-p 00000000 00:00 0 
7f62dcbce000-7f62dcbec000 rw-p 00000000 00:00 0 
7f62dcbec000-7f62dcd3a000 rw-p 00000000 00:00 0 
7f62dcd3a000-7f62dce96000 rw-p 00000000 00:00 0 
7f62dce96000-7f62dcfa7000 rw-p 00000000 00:00 0 
7f62dcfa7000-7f62dcfec000 ---p 00000000 00:00 0 
7f62dcfec000-7f62dcff7000 rw-p 00000000 00:00 0 
7f62dcff7000-7f62dd0ad000 rw-p 00000000 00:00 0 
7f62dd0ad000-7f62dd0c7000 r-xp 00000000 08:03 70780274                   /usr/local/pkg/java/jdk1.7.0_13/jre/lib/amd64/libzip.so
7f62dd0c7000-7f62dd2c7000 ---p 0001a000 08:03 70780274                   /usr/local/pkg/java/jdk1.7.0_13/jre/lib/amd64/libzip.so
7f62dd2c7000-7f62dd2c8000 rw-p 0001a000 08:03 70780274                   /usr/local/pkg/java/jdk1.7.0_13/jre/lib/amd64/libzip.so
7f62dd2c8000-7f62dd2cc000 r-xp 00000000 08:03 42336560                   /lib64/libnss_sss.so.2
7f62dd2cc000-7f62dd4cc000 ---p 00004000 08:03 42336560                   /lib64/libnss_sss.so.2
7f62dd4cc000-7f62dd4cd000 rw-p 00004000 08:03 42336560                   /lib64/libnss_sss.so.2
7f62dd4cd000-7f62dd4d9000 r-xp 00000000 08:03 42336598                   /lib64/libnss_files-2.12.so
7f62dd4d9000-7f62dd6d8000 ---p 0000c000 08:03 42336598                   /lib64/libnss_files-2.12.so
7f62dd6d8000-7f62dd6d9000 r--p 0000b000 08:03 42336598                   /lib64/libnss_files-2.12.so
7f62dd6d9000-7f62dd6da000 rw-p 0000c000 08:03 42336598                   /lib64/libnss_files-2.12.so
7f62dd6dc000-7f62dd6e7000 rw-p 00000000 00:00 0 
7f62dd6e7000-7f62dd705000 rw-p 00000000 00:00 0 
7f62dd705000-7f62dd72e000 r-xp 00000000 08:03 70780243                   /usr/local/pkg/java/jdk1.7.0_13/jre/lib/amd64/libjava.so
7f62dd72e000-7f62dd92e000 ---p 00029000 08:03 70780243                   /usr/local/pkg/java/jdk1.7.0_13/jre/lib/amd64/libjava.so
7f62dd92e000-7f62dd930000 rw-p 00029000 08:03 70780243                   /usr/local/pkg/java/jdk1.7.0_13/jre/lib/amd64/libjava.so
7f62dd930000-7f62dd93d000 r-xp 00000000 08:03 70780273                   /usr/local/pkg/java/jdk1.7.0_13/jre/lib/amd64/libverify.so
7f62dd93d000-7f62ddb3c000 ---p 0000d000 08:03 70780273                   /usr/local/pkg/java/jdk1.7.0_13/jre/lib/amd64/libverify.so
7f62ddb3c000-7f62ddb3e000 rw-p 0000c000 08:03 70780273                   /usr/local/pkg/java/jdk1.7.0_13/jre/lib/amd64/libverify.so
7f62ddb3e000-7f62ddb41000 ---p 00000000 00:00 0 
7f62ddb41000-7f62ddc3f000 rw-p 00000000 00:00 0 
7f62ddc3f000-7f62de686000 r-xp 00000000 08:03 70780279                   /usr/local/pkg/java/jdk1.7.0_13/jre/lib/amd64/server/libjvm.so
7f62de686000-7f62de886000 ---p 00a47000 08:03 70780279                   /usr/local/pkg/java/jdk1.7.0_13/jre/lib/amd64/server/libjvm.so
7f62de886000-7f62de929000 rw-p 00a47000 08:03 70780279                   /usr/local/pkg/java/jdk1.7.0_13/jre/lib/amd64/server/libjvm.so
7f62de929000-7f62de969000 rw-p 00000000 00:00 0 
7f62de969000-7f62de97f000 r-xp 00000000 08:03 70780276                   /usr/local/pkg/java/jdk1.7.0_13/jre/lib/amd64/jli/libjli.so
7f62de97f000-7f62deb7f000 ---p 00016000 08:03 70780276                   /usr/local/pkg/java/jdk1.7.0_13/jre/lib/amd64/jli/libjli.so
7f62deb7f000-7f62deb80000 rw-p 00016000 08:03 70780276                   /usr/local/pkg/java/jdk1.7.0_13/jre/lib/amd64/jli/libjli.so
7f62deb80000-7f62deb81000 rw-p 00000000 00:00 0 
7f62deb81000-7f62deb82000 r--s 00005000 08:03 67507271                   /tmp/jar_cache6782321210762324339.tmp (deleted)
7f62deb82000-7f62deb92000 r--s 00155000 08:03 67507270                   /tmp/jar_cache7831358109732355743.tmp (deleted)
7f62deb92000-7f62deb98000 r--s 00046000 08:03 67507269                   /tmp/jar_cache843378524513499279.tmp (deleted)
7f62deb98000-7f62deb9a000 r--s 0000b000 08:03 67507267                   /tmp/jar_cache720166245022725782.tmp (deleted)
7f62deb9a000-7f62deb9f000 r--s 00097000 08:03 67507265                   /tmp/jar_cache9087625848757992033.tmp (deleted)
7f62deb9f000-7f62deba2000 r--s 0000e000 08:03 67507264                   /tmp/jar_cache8711487581404095227.tmp (deleted)
7f62deba2000-7f62debaa000 rw-s 00000000 08:03 67507263                   /tmp/hsperfdata_yuksato/4027
7f62debaa000-7f62debab000 rw-p 00000000 00:00 0 
7f62debab000-7f62debac000 r--p 00000000 00:00 0 
7f62debac000-7f62debad000 rw-p 00000000 00:00 0 
7fffdffed000-7fffe0003000 rw-p 00000000 00:00 0                          [stack]
7fffe0008000-7fffe0009000 r-xp 00000000 00:00 0                          [vdso]
ffffffffff600000-ffffffffff601000 r-xp 00000000 00:00 0                  [vsyscall]

VM Arguments:
jvm_args: -Xmx2048m 
java_command: ./Sugar.jar /lustre2/home/yuksato/Miya_MiSeq/MiyaMiSeq_Run09/1_1_FastQC/mergedR1.fastq -o /lustre2/home/yuksato/Miya_MiSeq/MiyaMiSeq_Run09/1_1_FastQC
Launcher Type: SUN_STANDARD

Environment Variables:
PATH=/home/geadmin/UGER/bin/lx-amd64:/usr/lib64/qt-3.3/bin:/opt/pgi/linux86-64/current/bin:/usr/local/pkg/java/current/bin:/opt/intel/composer_xe_2013_sp1.0.080/bin/intel64:/opt/intel/composer_xe_2013_sp1.0.080/mpirt/bin/intel64:/opt/intel/composer_xe_2013_sp1.0.080/debugger/gdb/intel64_mic/py27/bin:/opt/intel/composer_xe_2013_sp1.0.080/debugger/gdb/intel64/py27/bin:/opt/intel/composer_xe_2013_sp1.0.080/bin/intel64:/opt/intel/composer_xe_2013_sp1.0.080/bin/intel64_mic:/opt/intel/composer_xe_2013_sp1.0.080/debugger/gui/intel64:/usr/local/bin:/bin:/usr/bin:/usr/local/sbin:/usr/sbin:/sbin:/opt/bin:/opt/intel/itac/8.1.3.037/bin:/home/yuksato/bin
LD_LIBRARY_PATH=/opt/intel/composer_xe_2013_sp1.0.080/compiler/lib/intel64:/opt/intel/composer_xe_2013_sp1.0.080/mpirt/lib/intel64:/opt/intel/composer_xe_2013_sp1.0.080/ipp/../compiler/lib/intel64:/opt/intel/composer_xe_2013_sp1.0.080/ipp/lib/intel64:/opt/intel/composer_xe_2013_sp1.0.080/compiler/lib/intel64:/opt/intel/composer_xe_2013_sp1.0.080/mkl/lib/intel64:/opt/intel/composer_xe_2013_sp1.0.080/tbb/lib/intel64/gcc4.4:/usr/local/lib64:/usr/local/lib
SHELL=/bin/bash

Signal Handlers:
SIGSEGV: [libjvm.so+0x8a5d70], sa_mask[0]=0x7ffbfeff, sa_flags=0x10000004
SIGBUS: [libjvm.so+0x8a5d70], sa_mask[0]=0x7ffbfeff, sa_flags=0x10000004
SIGFPE: [libjvm.so+0x741e50], sa_mask[0]=0x7ffbfeff, sa_flags=0x10000004
SIGPIPE: [libjvm.so+0x741e50], sa_mask[0]=0x7ffbfeff, sa_flags=0x10000004
SIGXFSZ: [libjvm.so+0x741e50], sa_mask[0]=0x7ffbfeff, sa_flags=0x10000004
SIGILL: [libjvm.so+0x741e50], sa_mask[0]=0x7ffbfeff, sa_flags=0x10000004
SIGUSR1: SIG_DFL, sa_mask[0]=0x00000000, sa_flags=0x00000000
SIGUSR2: [libjvm.so+0x7417a0], sa_mask[0]=0x00000000, sa_flags=0x10000004
SIGHUP: [libjvm.so+0x743b30], sa_mask[0]=0x7ffbfeff, sa_flags=0x10000004
SIGINT: [libjvm.so+0x743b30], sa_mask[0]=0x7ffbfeff, sa_flags=0x10000004
SIGTERM: [libjvm.so+0x743b30], sa_mask[0]=0x7ffbfeff, sa_flags=0x10000004
SIGQUIT: [libjvm.so+0x743b30], sa_mask[0]=0x7ffbfeff, sa_flags=0x10000004


---------------  S Y S T E M  ---------------

OS:Red Hat Enterprise Linux Server release 6.1 (Santiago)

uname:Linux 2.6.32-131.0.15.el6.x86_64 #1 SMP Tue May 10 15:42:40 EDT 2011 x86_64
libc:glibc 2.12 NPTL 2.12 
rlimit: STACK 10240k, CORE infinity, NPROC 1024, NOFILE 16384, AS 4194304k
load average:0.71 0.31 0.11

/proc/meminfo:
MemTotal:       65545404 kB
MemFree:        50141760 kB
Buffers:          297200 kB
Cached:         10772992 kB
SwapCached:        78892 kB
Active:          6500844 kB
Inactive:        5588044 kB
Active(anon):     805480 kB
Inactive(anon):   213456 kB
Active(file):    5695364 kB
Inactive(file):  5374588 kB
Unevictable:           0 kB
Mlocked:               0 kB
SwapTotal:       8388664 kB
SwapFree:        8064592 kB
Dirty:              2736 kB
Writeback:             0 kB
AnonPages:        944468 kB
Mapped:            35320 kB
Shmem:               200 kB
Slab:            2781592 kB
SReclaimable:     276500 kB
SUnreclaim:      2505092 kB
KernelStack:        5592 kB
PageTables:        27504 kB
NFS_Unstable:          0 kB
Bounce:                0 kB
WritebackTmp:          0 kB
CommitLimit:    41161364 kB
Committed_AS:    2733200 kB
VmallocTotal:   34359738367 kB
VmallocUsed:      462904 kB
VmallocChunk:   34325354188 kB
HardwareCorrupted:     0 kB
AnonHugePages:    739328 kB
HugePages_Total:       0
HugePages_Free:        0
HugePages_Rsvd:        0
HugePages_Surp:        0
Hugepagesize:       2048 kB
DirectMap4k:        7852 kB
DirectMap2M:     3102720 kB
DirectMap1G:    63963136 kB


CPU:total 16 (8 cores per cpu, 2 threads per core) family 6 model 45 stepping 7, cmov, cx8, fxsr, mmx, sse, sse2, sse3, ssse3, sse4.1, sse4.2, popcnt, avx, ht, tsc, tscinvbit, tscinv

/proc/cpuinfo:
processor	: 0
vendor_id	: GenuineIntel
cpu family	: 6
model		: 45
model name	: Intel(R) Xeon(R) CPU E5-2670 0 @ 2.60GHz
stepping	: 7
cpu MHz		: 2593.499
cache size	: 20480 KB
physical id	: 0
siblings	: 8
core id		: 0
cpu cores	: 8
apicid		: 0
initial apicid	: 0
fpu		: yes
fpu_exception	: yes
cpuid level	: 13
wp		: yes
flags		: fpu vme de pse tsc msr pae mce cx8 apic mtrr pge mca cmov pat pse36 clflush dts acpi mmx fxsr sse sse2 ss ht tm pbe syscall nx pdpe1gb rdtscp lm constant_tsc arch_perfmon pebs bts rep_good xtopology nonstop_tsc aperfmperf pni pclmulqdq dtes64 monitor ds_cpl vmx smx est tm2 ssse3 cx16 xtpr pdcm dca sse4_1 sse4_2 x2apic popcnt aes xsave avx lahf_lm ida arat epb xsaveopt pln pts tpr_shadow vnmi flexpriority ept vpid
bogomips	: 5186.99
clflush size	: 64
cache_alignment	: 64
address sizes	: 46 bits physical, 48 bits virtual
power management:

processor	: 1
vendor_id	: GenuineIntel
cpu family	: 6
model		: 45
model name	: Intel(R) Xeon(R) CPU E5-2670 0 @ 2.60GHz
stepping	: 7
cpu MHz		: 2593.499
cache size	: 20480 KB
physical id	: 0
siblings	: 8
core id		: 1
cpu cores	: 8
apicid		: 2
initial apicid	: 2
fpu		: yes
fpu_exception	: yes
cpuid level	: 13
wp		: yes
flags		: fpu vme de pse tsc msr pae mce cx8 apic mtrr pge mca cmov pat pse36 clflush dts acpi mmx fxsr sse sse2 ss ht tm pbe syscall nx pdpe1gb rdtscp lm constant_tsc arch_perfmon pebs bts rep_good xtopology nonstop_tsc aperfmperf pni pclmulqdq dtes64 monitor ds_cpl vmx smx est tm2 ssse3 cx16 xtpr pdcm dca sse4_1 sse4_2 x2apic popcnt aes xsave avx lahf_lm ida arat epb xsaveopt pln pts tpr_shadow vnmi flexpriority ept vpid
bogomips	: 5186.72
clflush size	: 64
cache_alignment	: 64
address sizes	: 46 bits physical, 48 bits virtual
power management:

processor	: 2
vendor_id	: GenuineIntel
cpu family	: 6
model		: 45
model name	: Intel(R) Xeon(R) CPU E5-2670 0 @ 2.60GHz
stepping	: 7
cpu MHz		: 2593.499
cache size	: 20480 KB
physical id	: 0
siblings	: 8
core id		: 2
cpu cores	: 8
apicid		: 4
initial apicid	: 4
fpu		: yes
fpu_exception	: yes
cpuid level	: 13
wp		: yes
flags		: fpu vme de pse tsc msr pae mce cx8 apic mtrr pge mca cmov pat pse36 clflush dts acpi mmx fxsr sse sse2 ss ht tm pbe syscall nx pdpe1gb rdtscp lm constant_tsc arch_perfmon pebs bts rep_good xtopology nonstop_tsc aperfmperf pni pclmulqdq dtes64 monitor ds_cpl vmx smx est tm2 ssse3 cx16 xtpr pdcm dca sse4_1 sse4_2 x2apic popcnt aes xsave avx lahf_lm ida arat epb xsaveopt pln pts tpr_shadow vnmi flexpriority ept vpid
bogomips	: 5186.73
clflush size	: 64
cache_alignment	: 64
address sizes	: 46 bits physical, 48 bits virtual
power management:

processor	: 3
vendor_id	: GenuineIntel
cpu family	: 6
model		: 45
model name	: Intel(R) Xeon(R) CPU E5-2670 0 @ 2.60GHz
stepping	: 7
cpu MHz		: 2593.499
cache size	: 20480 KB
physical id	: 0
siblings	: 8
core id		: 3
cpu cores	: 8
apicid		: 6
initial apicid	: 6
fpu		: yes
fpu_exception	: yes
cpuid level	: 13
wp		: yes
flags		: fpu vme de pse tsc msr pae mce cx8 apic mtrr pge mca cmov pat pse36 clflush dts acpi mmx fxsr sse sse2 ss ht tm pbe syscall nx pdpe1gb rdtscp lm constant_tsc arch_perfmon pebs bts rep_good xtopology nonstop_tsc aperfmperf pni pclmulqdq dtes64 monitor ds_cpl vmx smx est tm2 ssse3 cx16 xtpr pdcm dca sse4_1 sse4_2 x2apic popcnt aes xsave avx lahf_lm ida arat epb xsaveopt pln pts tpr_shadow vnmi flexpriority ept vpid
bogomips	: 5186.72
clflush size	: 64
cache_alignment	: 64
address sizes	: 46 bits physical, 48 bits virtual
power management:

processor	: 4
vendor_id	: GenuineIntel
cpu family	: 6
model		: 45
model name	: Intel(R) Xeon(R) CPU E5-2670 0 @ 2.60GHz
stepping	: 7
cpu MHz		: 2593.499
cache size	: 20480 KB
physical id	: 0
siblings	: 8
core id		: 4
cpu cores	: 8
apicid		: 8
initial apicid	: 8
fpu		: yes
fpu_exception	: yes
cpuid level	: 13
wp		: yes
flags		: fpu vme de pse tsc msr pae mce cx8 apic mtrr pge mca cmov pat pse36 clflush dts acpi mmx fxsr sse sse2 ss ht tm pbe syscall nx pdpe1gb rdtscp lm constant_tsc arch_perfmon pebs bts rep_good xtopology nonstop_tsc aperfmperf pni pclmulqdq dtes64 monitor ds_cpl vmx smx est tm2 ssse3 cx16 xtpr pdcm dca sse4_1 sse4_2 x2apic popcnt aes xsave avx lahf_lm ida arat epb xsaveopt pln pts tpr_shadow vnmi flexpriority ept vpid
bogomips	: 5179.38
clflush size	: 64
cache_alignment	: 64
address sizes	: 46 bits physical, 48 bits virtual
power management:

processor	: 5
vendor_id	: GenuineIntel
cpu family	: 6
model		: 45
model name	: Intel(R) Xeon(R) CPU E5-2670 0 @ 2.60GHz
stepping	: 7
cpu MHz		: 2593.499
cache size	: 20480 KB
physical id	: 0
siblings	: 8
core id		: 5
cpu cores	: 8
apicid		: 10
initial apicid	: 10
fpu		: yes
fpu_exception	: yes
cpuid level	: 13
wp		: yes
flags		: fpu vme de pse tsc msr pae mce cx8 apic mtrr pge mca cmov pat pse36 clflush dts acpi mmx fxsr sse sse2 ss ht tm pbe syscall nx pdpe1gb rdtscp lm constant_tsc arch_perfmon pebs bts rep_good xtopology nonstop_tsc aperfmperf pni pclmulqdq dtes64 monitor ds_cpl vmx smx est tm2 ssse3 cx16 xtpr pdcm dca sse4_1 sse4_2 x2apic popcnt aes xsave avx lahf_lm ida arat epb xsaveopt pln pts tpr_shadow vnmi flexpriority ept vpid
bogomips	: 5186.72
clflush size	: 64
cache_alignment	: 64
address sizes	: 46 bits physical, 48 bits virtual
power management:

processor	: 6
vendor_id	: GenuineIntel
cpu family	: 6
model		: 45
model name	: Intel(R) Xeon(R) CPU E5-2670 0 @ 2.60GHz
stepping	: 7
cpu MHz		: 2593.499
cache size	: 20480 KB
physical id	: 0
siblings	: 8
core id		: 6
cpu cores	: 8
apicid		: 12
initial apicid	: 12
fpu		: yes
fpu_exception	: yes
cpuid level	: 13
wp		: yes
flags		: fpu vme de pse tsc msr pae mce cx8 apic mtrr pge mca cmov pat pse36 clflush dts acpi mmx fxsr sse sse2 ss ht tm pbe syscall nx pdpe1gb rdtscp lm constant_tsc arch_perfmon pebs bts rep_good xtopology nonstop_tsc aperfmperf pni pclmulqdq dtes64 monitor ds_cpl vmx smx est tm2 ssse3 cx16 xtpr pdcm dca sse4_1 sse4_2 x2apic popcnt aes xsave avx lahf_lm ida arat epb xsaveopt pln pts tpr_shadow vnmi flexpriority ept vpid
bogomips	: 5186.72
clflush size	: 64
cache_alignment	: 64
address sizes	: 46 bits physical, 48 bits virtual
power management:

processor	: 7
vendor_id	: GenuineIntel
cpu family	: 6
model		: 45
model name	: Intel(R) Xeon(R) CPU E5-2670 0 @ 2.60GHz
stepping	: 7
cpu MHz		: 2593.499
cache size	: 20480 KB
physical id	: 0
siblings	: 8
core id		: 7
cpu cores	: 8
apicid		: 14
initial apicid	: 14
fpu		: yes
fpu_exception	: yes
cpuid level	: 13
wp		: yes
flags		: fpu vme de pse tsc msr pae mce cx8 apic mtrr pge mca cmov pat pse36 clflush dts acpi mmx fxsr sse sse2 ss ht tm pbe syscall nx pdpe1gb rdtscp lm constant_tsc arch_perfmon pebs bts rep_good xtopology nonstop_tsc aperfmperf pni pclmulqdq dtes64 monitor ds_cpl vmx smx est tm2 ssse3 cx16 xtpr pdcm dca sse4_1 sse4_2 x2apic popcnt aes xsave avx lahf_lm ida arat epb xsaveopt pln pts tpr_shadow vnmi flexpriority ept vpid
bogomips	: 5186.72
clflush size	: 64
cache_alignment	: 64
address sizes	: 46 bits physical, 48 bits virtual
power management:

processor	: 8
vendor_id	: GenuineIntel
cpu family	: 6
model		: 45
model name	: Intel(R) Xeon(R) CPU E5-2670 0 @ 2.60GHz
stepping	: 7
cpu MHz		: 2593.499
cache size	: 20480 KB
physical id	: 1
siblings	: 8
core id		: 0
cpu cores	: 8
apicid		: 32
initial apicid	: 32
fpu		: yes
fpu_exception	: yes
cpuid level	: 13
wp		: yes
flags		: fpu vme de pse tsc msr pae mce cx8 apic mtrr pge mca cmov pat pse36 clflush dts acpi mmx fxsr sse sse2 ss ht tm pbe syscall nx pdpe1gb rdtscp lm constant_tsc arch_perfmon pebs bts rep_good xtopology nonstop_tsc aperfmperf pni pclmulqdq dtes64 monitor ds_cpl vmx smx est tm2 ssse3 cx16 xtpr pdcm dca sse4_1 sse4_2 x2apic popcnt aes xsave avx lahf_lm ida arat epb xsaveopt pln pts tpr_shadow vnmi flexpriority ept vpid
bogomips	: 5186.79
clflush size	: 64
cache_alignment	: 64
address sizes	: 46 bits physical, 48 bits virtual
power management:

processor	: 9
vendor_id	: GenuineIntel
cpu family	: 6
model		: 45
model name	: Intel(R) Xeon(R) CPU E5-2670 0 @ 2.60GHz
stepping	: 7
cpu MHz		: 2593.499
cache size	: 20480 KB
physical id	: 1
siblings	: 8
core id		: 1
cpu cores	: 8
apicid		: 34
initial apicid	: 34
fpu		: yes
fpu_exception	: yes
cpuid level	: 13
wp		: yes
flags		: fpu vme de pse tsc msr pae mce cx8 apic mtrr pge mca cmov pat pse36 clflush dts acpi mmx fxsr sse sse2 ss ht tm pbe syscall nx pdpe1gb rdtscp lm constant_tsc arch_perfmon pebs bts rep_good xtopology nonstop_tsc aperfmperf pni pclmulqdq dtes64 monitor ds_cpl vmx smx est tm2 ssse3 cx16 xtpr pdcm dca sse4_1 sse4_2 x2apic popcnt aes xsave avx lahf_lm ida arat epb xsaveopt pln pts tpr_shadow vnmi flexpriority ept vpid
bogomips	: 5186.75
clflush size	: 64
cache_alignment	: 64
address sizes	: 46 bits physical, 48 bits virtual
power management:

processor	: 10
vendor_id	: GenuineIntel
cpu family	: 6
model		: 45
model name	: Intel(R) Xeon(R) CPU E5-2670 0 @ 2.60GHz
stepping	: 7
cpu MHz		: 2593.499
cache size	: 20480 KB
physical id	: 1
siblings	: 8
core id		: 2
cpu cores	: 8
apicid		: 36
initial apicid	: 36
fpu		: yes
fpu_exception	: yes
cpuid level	: 13
wp		: yes
flags		: fpu vme de pse tsc msr pae mce cx8 apic mtrr pge mca cmov pat pse36 clflush dts acpi mmx fxsr sse sse2 ss ht tm pbe syscall nx pdpe1gb rdtscp lm constant_tsc arch_perfmon pebs bts rep_good xtopology nonstop_tsc aperfmperf pni pclmulqdq dtes64 monitor ds_cpl vmx smx est tm2 ssse3 cx16 xtpr pdcm dca sse4_1 sse4_2 x2apic popcnt aes xsave avx lahf_lm ida arat epb xsaveopt pln pts tpr_shadow vnmi flexpriority ept vpid
bogomips	: 5186.76
clflush size	: 64
cache_alignment	: 64
address sizes	: 46 bits physical, 48 bits virtual
power management:

processor	: 11
vendor_id	: GenuineIntel
cpu family	: 6
model		: 45
model name	: Intel(R) Xeon(R) CPU E5-2670 0 @ 2.60GHz
stepping	: 7
cpu MHz		: 2593.499
cache size	: 20480 KB
physical id	: 1
siblings	: 8
core id		: 3
cpu cores	: 8
apicid		: 38
initial apicid	: 38
fpu		: yes
fpu_exception	: yes
cpuid level	: 13
wp		: yes
flags		: fpu vme de pse tsc msr pae mce cx8 apic mtrr pge mca cmov pat pse36 clflush dts acpi mmx fxsr sse sse2 ss ht tm pbe syscall nx pdpe1gb rdtscp lm constant_tsc arch_perfmon pebs bts rep_good xtopology nonstop_tsc aperfmperf pni pclmulqdq dtes64 monitor ds_cpl vmx smx est tm2 ssse3 cx16 xtpr pdcm dca sse4_1 sse4_2 x2apic popcnt aes xsave avx lahf_lm ida arat epb xsaveopt pln pts tpr_shadow vnmi flexpriority ept vpid
bogomips	: 5186.80
clflush size	: 64
cache_alignment	: 64
address sizes	: 46 bits physical, 48 bits virtual
power management:

processor	: 12
vendor_id	: GenuineIntel
cpu family	: 6
model		: 45
model name	: Intel(R) Xeon(R) CPU E5-2670 0 @ 2.60GHz
stepping	: 7
cpu MHz		: 2593.499
cache size	: 20480 KB
physical id	: 1
siblings	: 8
core id		: 4
cpu cores	: 8
apicid		: 40
initial apicid	: 40
fpu		: yes
fpu_exception	: yes
cpuid level	: 13
wp		: yes
flags		: fpu vme de pse tsc msr pae mce cx8 apic mtrr pge mca cmov pat pse36 clflush dts acpi mmx fxsr sse sse2 ss ht tm pbe syscall nx pdpe1gb rdtscp lm constant_tsc arch_perfmon pebs bts rep_good xtopology nonstop_tsc aperfmperf pni pclmulqdq dtes64 monitor ds_cpl vmx smx est tm2 ssse3 cx16 xtpr pdcm dca sse4_1 sse4_2 x2apic popcnt aes xsave avx lahf_lm ida arat epb xsaveopt pln pts tpr_shadow vnmi flexpriority ept vpid
bogomips	: 5186.74
clflush size	: 64
cache_alignment	: 64
address sizes	: 46 bits physical, 48 bits virtual
power management:

processor	: 13
vendor_id	: GenuineIntel
cpu family	: 6
model		: 45
model name	: Intel(R) Xeon(R) CPU E5-2670 0 @ 2.60GHz
stepping	: 7
cpu MHz		: 2593.499
cache size	: 20480 KB
physical id	: 1
siblings	: 8
core id		: 5
cpu cores	: 8
apicid		: 42
initial apicid	: 42
fpu		: yes
fpu_exception	: yes
cpuid level	: 13
wp		: yes
flags		: fpu vme de pse tsc msr pae mce cx8 apic mtrr pge mca cmov pat pse36 clflush dts acpi mmx fxsr sse sse2 ss ht tm pbe syscall nx pdpe1gb rdtscp lm constant_tsc arch_perfmon pebs bts rep_good xtopology nonstop_tsc aperfmperf pni pclmulqdq dtes64 monitor ds_cpl vmx smx est tm2 ssse3 cx16 xtpr pdcm dca sse4_1 sse4_2 x2apic popcnt aes xsave avx lahf_lm ida arat epb xsaveopt pln pts tpr_shadow vnmi flexpriority ept vpid
bogomips	: 5186.76
clflush size	: 64
cache_alignment	: 64
address sizes	: 46 bits physical, 48 bits virtual
power management:

processor	: 14
vendor_id	: GenuineIntel
cpu family	: 6
model		: 45
model name	: Intel(R) Xeon(R) CPU E5-2670 0 @ 2.60GHz
stepping	: 7
cpu MHz		: 2593.499
cache size	: 20480 KB
physical id	: 1
siblings	: 8
core id		: 6
cpu cores	: 8
apicid		: 44
initial apicid	: 44
fpu		: yes
fpu_exception	: yes
cpuid level	: 13
wp		: yes
flags		: fpu vme de pse tsc msr pae mce cx8 apic mtrr pge mca cmov pat pse36 clflush dts acpi mmx fxsr sse sse2 ss ht tm pbe syscall nx pdpe1gb rdtscp lm constant_tsc arch_perfmon pebs bts rep_good xtopology nonstop_tsc aperfmperf pni pclmulqdq dtes64 monitor ds_cpl vmx smx est tm2 ssse3 cx16 xtpr pdcm dca sse4_1 sse4_2 x2apic popcnt aes xsave avx lahf_lm ida arat epb xsaveopt pln pts tpr_shadow vnmi flexpriority ept vpid
bogomips	: 5186.75
clflush size	: 64
cache_alignment	: 64
address sizes	: 46 bits physical, 48 bits virtual
power management:

processor	: 15
vendor_id	: GenuineIntel
cpu family	: 6
model		: 45
model name	: Intel(R) Xeon(R) CPU E5-2670 0 @ 2.60GHz
stepping	: 7
cpu MHz		: 2593.499
cache size	: 20480 KB
physical id	: 1
siblings	: 8
core id		: 7
cpu cores	: 8
apicid		: 46
initial apicid	: 46
fpu		: yes
fpu_exception	: yes
cpuid level	: 13
wp		: yes
flags		: fpu vme de pse tsc msr pae mce cx8 apic mtrr pge mca cmov pat pse36 clflush dts acpi mmx fxsr sse sse2 ss ht tm pbe syscall nx pdpe1gb rdtscp lm constant_tsc arch_perfmon pebs bts rep_good xtopology nonstop_tsc aperfmperf pni pclmulqdq dtes64 monitor ds_cpl vmx smx est tm2 ssse3 cx16 xtpr pdcm dca sse4_1 sse4_2 x2apic popcnt aes xsave avx lahf_lm ida arat epb xsaveopt pln pts tpr_shadow vnmi flexpriority ept vpid
bogomips	: 5186.74
clflush size	: 64
cache_alignment	: 64
address sizes	: 46 bits physical, 48 bits virtual
power management:



Memory: 4k page, physical 65545404k(50141760k free), swap 8388664k(8064592k free)

vm_info: Java HotSpot(TM) 64-Bit Server VM (23.7-b01) for linux-amd64 JRE (1.7.0_13-b20), built on Jan 30 2013 01:08:59 by "java_re" with gcc 4.3.0 20080428 (Red Hat 4.3.0-8)

time: Sat Sep 20 17:35:34 2014
elapsed time: 130 seconds

